<?xml version="1.0" encoding="UTF-8"?>
<!-- Generated by org.testng.reporters.JUnitXMLReporter -->
<testsuite hostname="Harish" ignored="0" name="Free CRM App Test Cases" tests="2" failures="2" timestamp="15 Aug 2018 06:34:56 GMT" time="5.882" errors="0">
  <testcase name="feature" time="3.218" classname="cucumber.api.testng.AbstractTestNGCucumberTests">
    <failure type="cucumber.runtime.CucumberException" message="java.lang.NullPointerException">
      <![CDATA[cucumber.runtime.CucumberException: java.lang.NullPointerException
at cucumber.api.testng.TestNGCucumberRunner.runCucumber(TestNGCucumberRunner.java:69)
at cucumber.api.testng.AbstractTestNGCucumberTests.feature(AbstractTestNGCucumberTests.java:21)
Caused by: java.lang.NullPointerException
at com.mk.util.TestBase.Initialization(TestBase.java:64)
at com.mk.stepdefinitions.test1.user_is_in_Main_Page(test1.java:20)
at ✽.Given user is in Main Page(C:/Users/Harish/git/HARMKCucumberPOM/MKCucumberPOM/src/main/java/com/mk/features/test2.feature:5)
... Removed 25 stack frames]]>
    </failure>
  </testcase> <!-- feature -->
  <testcase name="feature" time="2.043" classname="cucumber.api.testng.AbstractTestNGCucumberTests">
    <failure type="cucumber.runtime.CucumberException" message="java.lang.NullPointerException">
      <![CDATA[cucumber.runtime.CucumberException: java.lang.NullPointerException
at cucumber.api.testng.TestNGCucumberRunner.runCucumber(TestNGCucumberRunner.java:69)
at cucumber.api.testng.AbstractTestNGCucumberTests.feature(AbstractTestNGCucumberTests.java:21)
Caused by: java.lang.NullPointerException
at com.mk.util.TestBase.Initialization(TestBase.java:64)
at com.mk.stepdefinitions.test1.user_is_in_Main_Page(test1.java:20)
at ✽.Given user is in Main Page(C:/Users/Harish/git/HARMKCucumberPOM/MKCucumberPOM/src/main/java/com/mk/features/test1.feature:5)
... Removed 25 stack frames]]>
    </failure>
  </testcase> <!-- feature -->
</testsuite> <!-- Free CRM App Test Cases -->
